<?xml version="1.0" encoding="UTF-8"?>
<testsuite xmlns:xsi="http://www.w3.org/2001/XMLSchema-instance" xsi:noNamespaceSchemaLocation="https://maven.apache.org/surefire/maven-surefire-plugin/xsd/surefire-test-report.xsd" name="eu.jpereira.trainings.designpatterns.behavioral.state.mapper.EventMapperTest" time="0" tests="2" errors="0" skipped="0" failures="0">
  <properties>
[...]
</properties>
  <testcase name="testAlarm" classname="eu.jpereira.trainings.designpatterns.behavioral.state.mapper.EventMapperTest" time="0"/>
  <testcase name="testStateChange" classname="eu.jpereira.trainings.designpatterns.behavioral.state.mapper.EventMapperTest" time="0"/>
</testsuite>